{
  "RSpec": {
    "coverage": {
      "/Users/mgmilton/turing/3module/health_maps/app/models/user.rb": [
        1,
        1,
        1,
        1,
        1,
        1,
        1,
        null
      ],
      "/Users/mgmilton/turing/3module/health_maps/app/models/application_record.rb": [
        1,
        1,
        null
      ],
      "/Users/mgmilton/turing/3module/health_maps/app/controllers/welcome_controller.rb": [
        1,
        1,
        null,
        null
      ],
      "/Users/mgmilton/turing/3module/health_maps/app/controllers/application_controller.rb": [
        1,
        1,
        1,
        1,
        null,
        1,
        5,
        null,
        null,
        null
      ],
      "/Users/mgmilton/turing/3module/health_maps/app/controllers/sessions_controller.rb": [
        1,
        1,
        null,
        null,
        null,
        1,
        2,
        2,
        1,
        1,
        1,
        null,
        1,
        1,
        null,
        null,
        null,
        1,
        1,
        1,
        1,
        null,
        null,
        1,
        null,
        1,
        3,
        null,
        null,
        null
      ],
      "/Users/mgmilton/turing/3module/health_maps/app/channels/application_cable/channel.rb": [
        0,
        0,
        0,
        0
      ],
      "/Users/mgmilton/turing/3module/health_maps/app/channels/application_cable/connection.rb": [
        0,
        0,
        0,
        0
      ],
      "/Users/mgmilton/turing/3module/health_maps/app/controllers/users_controller.rb": [
        0,
        0,
        0,
        0,
        null,
        0,
        0,
        0,
        0,
        0,
        0,
        0,
        0,
        0,
        0,
        null,
        0,
        0,
        null,
        0,
        0,
        0,
        0,
        null,
        0
      ],
      "/Users/mgmilton/turing/3module/health_maps/app/helpers/application_helper.rb": [
        0,
        0
      ],
      "/Users/mgmilton/turing/3module/health_maps/app/jobs/application_job.rb": [
        0,
        0
      ],
      "/Users/mgmilton/turing/3module/health_maps/app/mailers/application_mailer.rb": [
        0,
        0,
        0,
        0
      ]
    },
    "timestamp": 1522881708
  }
}
